09-Jul-24 12:53:28 - This is an info message
09-Jul-24 12:53:28 - This is a warning message
09-Jul-24 12:53:28 - This is an error message
09-Jul-24 12:53:28 - This is a critical message
09-Jul-24 12:53:28 -  * Debugger is active!
09-Jul-24 12:53:28 -  * Debugger PIN: 906-084-638
09-Jul-24 13:03:31 - This is an info message
09-Jul-24 13:03:31 - This is a warning message
09-Jul-24 13:03:31 - This is an error message
09-Jul-24 13:03:31 - This is a critical message
09-Jul-24 13:03:31 - [31m[1mWARNING: This is a development server. Do not use it in a production deployment. Use a production WSGI server instead.[0m
 * Running on http://127.0.0.1:5000
09-Jul-24 13:03:31 - [33mPress CTRL+C to quit[0m
09-Jul-24 13:03:31 -  * Restarting with stat
09-Jul-24 13:03:31 - This is an info message
09-Jul-24 13:03:31 - This is a warning message
09-Jul-24 13:03:31 - This is an error message
09-Jul-24 13:03:31 - This is a critical message
09-Jul-24 13:03:31 -  * Debugger is active!
09-Jul-24 13:03:31 -  * Debugger PIN: 906-084-638
09-Jul-24 13:57:55 -  * Detected change in 'd:\\tasks\\resouceadd.py', reloading
09-Jul-24 13:57:55 -  * Restarting with stat
09-Jul-24 13:57:56 - This is an info message
09-Jul-24 13:57:56 - This is a warning message
09-Jul-24 13:57:56 - This is an error message
09-Jul-24 13:57:56 - This is a critical message
09-Jul-24 13:57:56 -  * Debugger is active!
09-Jul-24 13:57:56 -  * Debugger PIN: 906-084-638
09-Jul-24 14:00:17 - INFO - This is an info message
09-Jul-24 14:00:17 - WARNING - This is a warning message
09-Jul-24 14:00:17 - ERROR - This is an error message
09-Jul-24 14:00:17 - CRITICAL - This is a critical message
09-Jul-24 14:00:17 - WARNING -  * Debugger is active!
09-Jul-24 14:00:17 - INFO -  * Debugger PIN: 906-084-638
09-Jul-24 14:03:12 - INFO -  * Detected change in 'd:\\tasks\\resouceadd.py', reloading
09-Jul-24 14:03:12 - INFO - This is an info message
09-Jul-24 14:03:12 - WARNING - This is a warning message
09-Jul-24 14:03:12 - ERROR - This is an error message
09-Jul-24 14:03:12 - CRITICAL - This is a critical message
09-Jul-24 14:03:12 - WARNING -  * Debugger is active!
09-Jul-24 14:03:12 - INFO -  * Debugger PIN: 906-084-638
09-Jul-24 14:03:26 - INFO - This is an info message
09-Jul-24 14:03:26 - WARNING - This is a warning message
09-Jul-24 14:03:26 - ERROR - This is an error message
09-Jul-24 14:03:26 - CRITICAL - This is a critical message
09-Jul-24 14:03:26 - INFO - [31m[1mWARNING: This is a development server. Do not use it in a production deployment. Use a production WSGI server instead.[0m
 * Running on http://127.0.0.1:5000
09-Jul-24 14:03:26 - INFO - [33mPress CTRL+C to quit[0m
09-Jul-24 14:03:26 - INFO -  * Restarting with stat
09-Jul-24 14:03:26 - INFO - This is an info message
09-Jul-24 14:03:26 - WARNING - This is a warning message
09-Jul-24 14:03:26 - ERROR - This is an error message
09-Jul-24 14:03:26 - CRITICAL - This is a critical message
09-Jul-24 14:03:26 - WARNING -  * Debugger is active!
09-Jul-24 14:03:26 - INFO -  * Debugger PIN: 906-084-638
09-Jul-24 14:07:45 - INFO -  * Detected change in 'd:\\tasks\\resouceadd.py', reloading
09-Jul-24 14:07:45 - INFO -  * Restarting with stat
09-Jul-24 14:07:45 - INFO - This is an info message
09-Jul-24 14:07:45 - WARNING - This is a warning message
09-Jul-24 14:07:45 - ERROR - This is an error message
09-Jul-24 14:07:45 - CRITICAL - This is a critical message
09-Jul-24 14:07:45 - WARNING -  * Debugger is active!
09-Jul-24 14:07:45 - INFO -  * Debugger PIN: 906-084-638
09-Jul-24 14:07:56 - INFO - This is an info message
09-Jul-24 14:07:56 - WARNING - This is a warning message
09-Jul-24 14:07:56 - ERROR - This is an error message
09-Jul-24 14:07:56 - CRITICAL - This is a critical message
09-Jul-24 14:07:56 - INFO - [31m[1mWARNING: This is a development server. Do not use it in a production deployment. Use a production WSGI server instead.[0m
 * Running on http://127.0.0.1:5000
09-Jul-24 14:07:56 - INFO - [33mPress CTRL+C to quit[0m
09-Jul-24 14:07:56 - INFO -  * Restarting with stat
09-Jul-24 14:07:56 - INFO - This is an info message
09-Jul-24 14:07:56 - WARNING - This is a warning message
09-Jul-24 14:07:56 - ERROR - This is an error message
09-Jul-24 14:07:56 - CRITICAL - This is a critical message
09-Jul-24 14:07:56 - WARNING -  * Debugger is active!
09-Jul-24 14:07:56 - INFO -  * Debugger PIN: 906-084-638
